C:\Program Files\Microsoft Visual Studio\2022\Professional\MSBuild\Microsoft\VC\v170\Microsoft.CppBuild.targets(531,5): warning MSB8028: 中間ディレクトリ (Debug\) に別のプロジェクト (FlowerShoot.vcxproj) と共有されているファイルが含まれています。これにより、クリーンしてリビルド動作が適切に行われない可能性があります。
  Actor.cpp
  ActorManager.cpp
  BoundingRectangle.cpp
  Enemy.cpp
  EnemyBeam.cpp
  EnemyBlue.cpp
  EnemyGenerator.cpp
  Explosion.cpp
  Field.cpp
  GameOverScene.cpp
  GamePlayScene.cpp
  main.cpp
  MyEnemy.cpp
  NumberTexture.cpp
  Player.cpp
  PlayerBeam.cpp
  PlayerParabolicBeam.cpp
  ResultScene.cpp
  SceneManager.cpp
  Score.cpp
  コードを生成中...
  コンパイル中...
  TitleScene.cpp
  World.cpp
  コードを生成中...
     ライブラリ C:\Users\g023g1246\Desktop\CppProjects\2DShootingCpp\Debug\2DShootingCpp.lib とオブジェクト C:\Users\g023g1246\Desktop\CppProjects\2DShootingCpp\Debug\2DShootingCpp.exp を作成中
  FlowerShoot.vcxproj -> C:\Users\g023g1246\Desktop\CppProjects\2DShootingCpp\Debug\2DShootingCpp.exe
